[   INFO] [2020-06-21 13:47:44,546] [11512] [HTMLReport.py(101)] - 预计并发线程数：3
[   INFO] [2020-06-21 13:47:44,556] [12100] [Result.py(48)] - 开始测试： test_guowu_1___test_001____加入购物车______n_____________goods_sku_id___652__n_____________goods_total__1__n_____________goods_id___10037__n_____________添加购物车成功__ (test_Cart.Test_Carts)
[  DEBUG] [2020-06-21 13:47:44,556] [12100] [connectionpool.py(959)] - Starting new HTTPS connection (1): test.api.vodeshop.com:443
[  DEBUG] [2020-06-21 13:47:44,966] [12100] [connectionpool.py(437)] - https://test.api.vodeshop.com:443 "POST /api/auth/login/mobile-pwd HTTP/1.1" 200 None
[  DEBUG] [2020-06-21 13:47:44,976] [12100] [connectionpool.py(959)] - Starting new HTTPS connection (1): test.api.vodeshop.com:443
[  DEBUG] [2020-06-21 13:47:45,296] [12100] [connectionpool.py(437)] - https://test.api.vodeshop.com:443 "POST /api/v1/carts HTTP/1.1" 200 None
[   INFO] [2020-06-21 13:47:45,306] [12100] [Result.py(106)] - 测试执行通过： test_guowu_1___test_001____加入购物车______n_____________goods_sku_id___652__n_____________goods_total__1__n_____________goods_id___10037__n_____________添加购物车成功__ (test_Cart.Test_Carts)
[   INFO] [2020-06-21 13:47:45,306] [12100] [Result.py(59)] - 测试结束： test_guowu_1___test_001____加入购物车______n_____________goods_sku_id___652__n_____________goods_total__1__n_____________goods_id___10037__n_____________添加购物车成功__ (test_Cart.Test_Carts)
[   INFO] [2020-06-21 13:47:45,306] [12100] [Result.py(61)] - 耗时： 0.7539796
[   INFO] [2020-06-21 13:47:45,306] [12100] [Result.py(48)] - 开始测试： test_guowu_2___test_002____加入购物车______n_____________goods_sku_id______n_____________goods_total__1__n_____________goods_id___10037__n_____________请先选择商品规格__ (test_Cart.Test_Carts)
[  DEBUG] [2020-06-21 13:47:45,316] [12100] [connectionpool.py(959)] - Starting new HTTPS connection (1): test.api.vodeshop.com:443
[  DEBUG] [2020-06-21 13:47:45,706] [12100] [connectionpool.py(437)] - https://test.api.vodeshop.com:443 "POST /api/auth/login/mobile-pwd HTTP/1.1" 200 None
[  DEBUG] [2020-06-21 13:47:45,716] [12100] [connectionpool.py(959)] - Starting new HTTPS connection (1): test.api.vodeshop.com:443
[  DEBUG] [2020-06-21 13:47:46,036] [12100] [connectionpool.py(437)] - https://test.api.vodeshop.com:443 "POST /api/v1/carts HTTP/1.1" 200 None
[   INFO] [2020-06-21 13:47:46,036] [12100] [Result.py(106)] - 测试执行通过： test_guowu_2___test_002____加入购物车______n_____________goods_sku_id______n_____________goods_total__1__n_____________goods_id___10037__n_____________请先选择商品规格__ (test_Cart.Test_Carts)
[   INFO] [2020-06-21 13:47:46,036] [12100] [Result.py(59)] - 测试结束： test_guowu_2___test_002____加入购物车______n_____________goods_sku_id______n_____________goods_total__1__n_____________goods_id___10037__n_____________请先选择商品规格__ (test_Cart.Test_Carts)
[   INFO] [2020-06-21 13:47:46,036] [12100] [Result.py(61)] - 耗时： 0.7285512999999999
[   INFO] [2020-06-21 13:47:46,036] [12100] [Result.py(48)] - 开始测试： test_guowu_3___test_003____加入购物车______n_____________goods_sku_id__652__n_____________goods_total__1__n_____________goods_id_______n_____________请先选择商品__ (test_Cart.Test_Carts)
[  DEBUG] [2020-06-21 13:47:46,046] [12100] [connectionpool.py(959)] - Starting new HTTPS connection (1): test.api.vodeshop.com:443
[  DEBUG] [2020-06-21 13:47:46,436] [12100] [connectionpool.py(437)] - https://test.api.vodeshop.com:443 "POST /api/auth/login/mobile-pwd HTTP/1.1" 200 None
[  DEBUG] [2020-06-21 13:47:46,446] [12100] [connectionpool.py(959)] - Starting new HTTPS connection (1): test.api.vodeshop.com:443
[  DEBUG] [2020-06-21 13:47:46,766] [12100] [connectionpool.py(437)] - https://test.api.vodeshop.com:443 "POST /api/v1/carts HTTP/1.1" 200 None
[   INFO] [2020-06-21 13:47:46,776] [12100] [Result.py(106)] - 测试执行通过： test_guowu_3___test_003____加入购物车______n_____________goods_sku_id__652__n_____________goods_total__1__n_____________goods_id_______n_____________请先选择商品__ (test_Cart.Test_Carts)
[   INFO] [2020-06-21 13:47:46,776] [12100] [Result.py(59)] - 测试结束： test_guowu_3___test_003____加入购物车______n_____________goods_sku_id__652__n_____________goods_total__1__n_____________goods_id_______n_____________请先选择商品__ (test_Cart.Test_Carts)
[   INFO] [2020-06-21 13:47:46,776] [12100] [Result.py(61)] - 耗时： 0.7371813
[   INFO] [2020-06-21 13:47:47,566] [12100] [Result.py(48)] - 开始测试： test_loginby_pwd (test_login.Test_login)
[  DEBUG] [2020-06-21 13:47:47,576] [12100] [connectionpool.py(959)] - Starting new HTTPS connection (1): test.api.vodeshop.com:443
[  DEBUG] [2020-06-21 13:47:47,945] [12100] [connectionpool.py(437)] - https://test.api.vodeshop.com:443 "POST /api/auth/login/mobile-pwd HTTP/1.1" 200 None
[WARNING] [2020-06-21 13:47:48,025] [12100] [Result.py(144)] - 测试未通过： test_loginby_pwd (test_login.Test_login)
Traceback (most recent call last):
  File "E:\Autoapi\VodeZbapi\TestCase\test_login.py", line 27, in test_loginby_pwd
    self.assertEqual(jg,resultT)
AssertionError: '登陆成功1' != '登陆成功'
- 登陆成功1
?     -
+ 登陆成功


[   INFO] [2020-06-21 13:47:48,025] [12100] [Result.py(59)] - 测试结束： test_loginby_pwd (test_login.Test_login)
[   INFO] [2020-06-21 13:47:48,025] [12100] [Result.py(61)] - 耗时： 0.4605241000000002
[   INFO] [2020-06-21 13:47:50,576] [10452] [Result.py(48)] - 开始测试： test_keywordgoods (test_minapi.Test_users)
[  DEBUG] [2020-06-21 13:47:50,576] [10452] [connectionpool.py(959)] - Starting new HTTPS connection (1): test.api.vodeshop.com:443
[  DEBUG] [2020-06-21 13:47:50,956] [10452] [connectionpool.py(437)] - https://test.api.vodeshop.com:443 "POST /api/auth/login/mobile-pwd HTTP/1.1" 200 None
[  DEBUG] [2020-06-21 13:47:50,966] [10452] [connectionpool.py(959)] - Starting new HTTPS connection (1): test.api.vodeshop.com:443
[  DEBUG] [2020-06-21 13:47:51,276] [10452] [connectionpool.py(437)] - https://test.api.vodeshop.com:443 "GET /api/v1/os/keyword-goods HTTP/1.1" 200 None
[   INFO] [2020-06-21 13:47:51,286] [10452] [Result.py(106)] - 测试执行通过： test_keywordgoods (test_minapi.Test_users)
[   INFO] [2020-06-21 13:47:51,286] [10452] [Result.py(59)] - 测试结束： test_keywordgoods (test_minapi.Test_users)
[   INFO] [2020-06-21 13:47:51,286] [10452] [Result.py(61)] - 耗时： 0.7094309999999995
[   INFO] [2020-06-21 13:47:53,582] [12100] [Result.py(48)] - 开始测试： test_hotsearch (test_nocs.Test_users)
[  DEBUG] [2020-06-21 13:47:53,582] [12100] [connectionpool.py(959)] - Starting new HTTPS connection (1): test.api.vodeshop.com:443
[  DEBUG] [2020-06-21 13:47:53,962] [12100] [connectionpool.py(437)] - https://test.api.vodeshop.com:443 "POST /api/auth/login/mobile-pwd HTTP/1.1" 200 None
[  DEBUG] [2020-06-21 13:47:53,962] [12100] [connectionpool.py(959)] - Starting new HTTPS connection (1): test.api.vodeshop.com:443
[  DEBUG] [2020-06-21 13:47:54,272] [12100] [connectionpool.py(437)] - https://test.api.vodeshop.com:443 "GET /api/v1/goods/hot-search HTTP/1.1" 200 None
[   INFO] [2020-06-21 13:47:54,272] [12100] [Result.py(106)] - 测试执行通过： test_hotsearch (test_nocs.Test_users)
[   INFO] [2020-06-21 13:47:54,272] [12100] [Result.py(59)] - 测试结束： test_hotsearch (test_nocs.Test_users)
[   INFO] [2020-06-21 13:47:54,272] [12100] [Result.py(61)] - 耗时： 0.6928795999999995
[   INFO] [2020-06-21 13:47:54,272] [12100] [Result.py(48)] - 开始测试： test_users (test_nocs.Test_users)
[  DEBUG] [2020-06-21 13:47:54,272] [12100] [connectionpool.py(959)] - Starting new HTTPS connection (1): test.api.vodeshop.com:443
[  DEBUG] [2020-06-21 13:47:54,662] [12100] [connectionpool.py(437)] - https://test.api.vodeshop.com:443 "POST /api/auth/login/mobile-pwd HTTP/1.1" 200 None
[  DEBUG] [2020-06-21 13:47:54,662] [12100] [connectionpool.py(959)] - Starting new HTTPS connection (1): test.api.vodeshop.com:443
[  DEBUG] [2020-06-21 13:47:54,992] [12100] [connectionpool.py(437)] - https://test.api.vodeshop.com:443 "GET /api/v1/users HTTP/1.1" 200 None
[   INFO] [2020-06-21 13:47:54,992] [12100] [Result.py(106)] - 测试执行通过： test_users (test_nocs.Test_users)
[   INFO] [2020-06-21 13:47:54,992] [12100] [Result.py(59)] - 测试结束： test_users (test_nocs.Test_users)
[   INFO] [2020-06-21 13:47:54,992] [12100] [Result.py(61)] - 耗时： 0.7212004000000007
[   INFO] [2020-06-21 13:47:56,592] [11512] [HTMLReport.py(130)] - 
Pass	test_guowu_1___test_001____加入购物车______n_____________goods_sku_id___652__n_____________goods_total__1__n_____________goods_id___10037__n_____________添加购物车成功__ (test_Cart.Test_Carts)
Pass	test_guowu_2___test_002____加入购物车______n_____________goods_sku_id______n_____________goods_total__1__n_____________goods_id___10037__n_____________请先选择商品规格__ (test_Cart.Test_Carts)
Pass	test_guowu_3___test_003____加入购物车______n_____________goods_sku_id__652__n_____________goods_total__1__n_____________goods_id_______n_____________请先选择商品__ (test_Cart.Test_Carts)
Pass	test_keywordgoods (test_minapi.Test_users)	
        接口说明：该接口是通过搜索平台设置的关键字返回绑定的关键字商品
        
Pass	test_hotsearch (test_nocs.Test_users)
Pass	test_users (test_nocs.Test_users)

[  ERROR] [2020-06-21 13:47:56,592] [11512] [HTMLReport.py(132)] - 
Fail	test_loginby_pwd (test_login.Test_login)

[   INFO] [2020-06-21 13:47:56,592] [11512] [HTMLReport.py(151)] - 
测试结束！
运行时间: 0:00:12.046273
共计执行用例数量：7
执行成功用例数量：6
执行失败用例数量：1
跳过执行用例数量：0
产生异常用例数量：0
